app/build/intermediates/manifest_merge_blame_file/debug/manifest-merger-blame-debug-report.txt
1<?xml version="1.0" encoding="utf-8"?>
2<!--
3Copyright (C) 2013 The Android Open Source Project
4
5Licensed under the Apache License, Version 2.0 (the "License");
6you may not use this file except in compliance with the License.
7You may obtain a copy of the License at
8
9http://www.apache.org/licenses/LICENSE-2.0
10
11Unless required by applicable law or agreed to in writing, software
12distributed under the License is distributed on an "AS IS" BASIS,
13WITHOUT WARRANTIES OR CONDITIONS OF ANY KIND, either express or implied.
14See the License for the specific language governing permissions and
15limitations under the License.
16-->
17<manifest xmlns:android="http://schemas.android.com/apk/res/android"
18    package="mobi.omegacentauri.giantbarometer"
19    android:versionCode="108"
20    android:versionName="1.08" >
21
22    <uses-sdk
23        android:minSdkVersion="21"
23-->src\main\AndroidManifest.xml
24        android:targetSdkVersion="34" />
24-->src\main\AndroidManifest.xml
25    <!--
26    Declare this required feature if you want to make the app available to BLE-capable
27    devices only.  If you want to make your app available to devices that don't support BLE,
28    you should omit this in the manifest.  Instead, determine BLE capability by using
29    PackageManager.hasSystemFeature(FEATURE_BLUETOOTH_LE)
30    -->
31    <uses-feature
31-->src\main\AndroidManifest.xml:26:5-89
32        android:name="android.hardware.bluetooth_le"
32-->src\main\AndroidManifest.xml:26:19-63
33        android:required="true" />
33-->src\main\AndroidManifest.xml:26:64-87
34
35    <uses-permission android:name="android.permission.INTERNET" />
35-->src\main\AndroidManifest.xml:27:5-66
35-->src\main\AndroidManifest.xml:27:22-64
36    <uses-permission android:name="android.permission.ACCESS_COARSE_LOCATION" />
36-->src\main\AndroidManifest.xml:28:5-80
36-->src\main\AndroidManifest.xml:28:22-78
37    <!-- <uses-permission android:name="android.permission.ACCESS_FINE_LOCATION"/> -->
38    <uses-feature
38-->src\main\AndroidManifest.xml:30:5-95
39        android:name="android.hardware.location.network"
39-->src\main\AndroidManifest.xml:30:19-67
40        android:required="false" />
40-->src\main\AndroidManifest.xml:30:68-92
41
42    <application
42-->src\main\AndroidManifest.xml:32:5-54:19
43        android:icon="@drawable/ic_launcher"
43-->src\main\AndroidManifest.xml:33:18-54
44        android:label="Giant Barometer"
44-->src\main\AndroidManifest.xml:32:18-49
45        android:testOnly="true"
46        android:theme="@android:style/Theme.Holo.Light" >
46-->src\main\AndroidManifest.xml:34:18-65
47        <activity
47-->src\main\AndroidManifest.xml:36:9-44:20
48            android:name="mobi.omegacentauri.giantbarometer.BarometerActivity"
48-->src\main\AndroidManifest.xml:36:19-85
49            android:configChanges="keyboardHidden|orientation|screenSize"
49-->src\main\AndroidManifest.xml:37:13-74
50            android:exported="true"
50-->src\main\AndroidManifest.xml:38:13-36
51            android:label="Giant Barometer" >
51-->src\main\AndroidManifest.xml:39:19-50
52            <intent-filter>
52-->src\main\AndroidManifest.xml:40:13-43:29
53                <action android:name="android.intent.action.MAIN" />
53-->src\main\AndroidManifest.xml:41:17-68
53-->src\main\AndroidManifest.xml:41:25-66
54
55                <category android:name="android.intent.category.LAUNCHER" />
55-->src\main\AndroidManifest.xml:42:17-76
55-->src\main\AndroidManifest.xml:42:27-74
56            </intent-filter>
57        </activity>
58        <activity
58-->src\main\AndroidManifest.xml:45:9-51:20
59            android:name="mobi.omegacentauri.giantbarometer.Options"
59-->src\main\AndroidManifest.xml:45:19-42
60            android:exported="true" >
60-->src\main\AndroidManifest.xml:46:13-36
61            <intent-filter>
61-->src\main\AndroidManifest.xml:48:13-50:29
62                <category android:name="android.intent.category.PREFERENCE" />
62-->src\main\AndroidManifest.xml:49:17-79
62-->src\main\AndroidManifest.xml:49:27-76
63            </intent-filter>
64        </activity>
65
66        <!-- <activity android:name="mobi.omegacentauri.giantbarometer.DeviceServicesActivity"/> -->
67    </application>
68
69</manifest>